<?xml version="1.0" encoding="UTF-8"?>
<!-- Generated by org.testng.reporters.JUnitReportReporter -->
<testsuite hostname="DESKTOP-HCKK8KK" failures="0" tests="1" name="frame.Work.Testngrunner" time="13.156" errors="0" timestamp="2024-10-06T15:25:53 IST" skipped="0">
  <testcase classname="frame.Work.Testngrunner" name="runScenario" time="13.156"/>
</testsuite> <!-- frame.Work.Testngrunner -->
